L 03/29/2019 - 10:10:19: SourceMod log file session started (file "L20190329.log") (Version "1.8.0.6047")
L 03/29/2019 - 10:10:19: -------- Mapchange to c11m5_runway --------
L 03/29/2019 - 10:14:34: Log file closed.
L 03/29/2019 - 12:41:28: SourceMod log file session started (file "L20190329.log") (Version "1.8.0.6047")
L 03/29/2019 - 12:41:28: -------- Mapchange to c5m2_park --------
L 03/29/2019 - 16:40:52: Log file closed.
L 03/29/2019 - 17:22:54: SourceMod log file session started (file "L20190329.log") (Version "1.8.0.6047")
L 03/29/2019 - 17:22:54: Log file closed.
L 03/29/2019 - 17:28:35: SourceMod log file session started (file "L20190329.log") (Version "1.8.0.6047")
L 03/29/2019 - 17:28:35: Log file closed.
L 03/29/2019 - 17:35:55: SourceMod log file session started (file "L20190329.log") (Version "1.8.0.6047")
L 03/29/2019 - 17:35:55: -------- Mapchange to c5m2_park --------
L 03/29/2019 - 17:36:02: [UPDATER] Successfully updated gamedata file "sm-cstrike.games/game.csgo.txt"
L 03/29/2019 - 17:36:02: [UPDATER] Successfully updated gamedata file "sdktools.games/game.ios.txt"
L 03/29/2019 - 17:36:02: [UPDATER] Successfully updated gamedata file "sdktools.games/master.games.txt"
L 03/29/2019 - 17:36:02: [UPDATER] SourceMod has been updated, please reload it or restart your server.
L 03/29/2019 - 17:51:01: -------- Mapchange to c5m2_park --------
L 03/29/2019 - 17:54:34: -------- Mapchange to c5m2_park --------
L 03/29/2019 - 17:55:54: Log file closed.
L 03/29/2019 - 18:19:45: SourceMod log file session started (file "L20190329.log") (Version "1.8.0.6047")
L 03/29/2019 - 18:19:45: -------- Mapchange to c5m2_park --------
L 03/29/2019 - 18:30:52: -------- Mapchange to c5m3_cemetery --------
L 03/29/2019 - 18:31:28: -------- Mapchange to c8m5_rooftop --------
L 03/29/2019 - 18:38:32: Log file closed.
L 03/29/2019 - 19:27:22: SourceMod log file session started (file "L20190329.log") (Version "1.8.0.6047")
L 03/29/2019 - 19:27:22: -------- Mapchange to c3m1_plankcountry --------
L 03/29/2019 - 19:33:23: -------- Mapchange to c2m2_fairgrounds --------
L 03/29/2019 - 20:24:42: -------- Mapchange to c5m2_park --------
L 03/29/2019 - 20:28:01: SourceMod log file session started (file "L20190329.log") (Version "1.8.0.6047")
L 03/29/2019 - 20:28:01: -------- Mapchange to c13m1_alpinecreek --------
L 03/29/2019 - 20:31:11: -------- Mapchange to c13m2_southpinestream --------
L 03/29/2019 - 20:41:57: Log file closed.
L 03/29/2019 - 21:00:14: SourceMod log file session started (file "L20190329.log") (Version "1.8.0.6047")
L 03/29/2019 - 21:00:14: -------- Mapchange to c13m4_cutthroatcreek --------
L 03/29/2019 - 21:13:18: -------- Mapchange to c3m4_plantation --------
L 03/29/2019 - 21:19:09: -------- Mapchange to c5m5_bridge --------
L 03/29/2019 - 21:22:11: -------- Mapchange to c13m4_cutthroatcreek --------
L 03/29/2019 - 21:30:01: Log file closed.
