L 03/28/2019 - 15:46:59: SourceMod log file session started (file "L20190328.log") (Version "1.8.0.6047")
L 03/28/2019 - 15:46:59: -------- Mapchange to c5m2_park --------
L 03/28/2019 - 15:52:39: -------- Mapchange to c3m2_swamp --------
L 03/28/2019 - 16:01:10: Log file closed.
L 03/28/2019 - 16:07:35: SourceMod log file session started (file "L20190328.log") (Version "1.8.0.6047")
L 03/28/2019 - 16:07:35: -------- Mapchange to c3m2_swamp --------
L 03/28/2019 - 16:21:58: -------- Mapchange to c10m2_drainage --------
L 03/28/2019 - 16:35:59: -------- Mapchange to c5m3_cemetery --------
L 03/28/2019 - 16:58:55: Log file closed.
L 03/28/2019 - 17:17:15: SourceMod log file session started (file "L20190328.log") (Version "1.8.0.6047")
L 03/28/2019 - 17:17:15: -------- Mapchange to c10m2_drainage --------
L 03/28/2019 - 17:25:29: -------- Mapchange to c7m3_port --------
L 03/28/2019 - 17:27:26: -------- Mapchange to c1m1_hotel --------
L 03/28/2019 - 17:29:24: -------- Mapchange to c1m1_hotel --------
L 03/28/2019 - 17:29:52: -------- Mapchange to c2m2_fairgrounds --------
L 03/28/2019 - 17:48:04: -------- Mapchange to c7m2_barge --------
L 03/28/2019 - 17:50:05: Log file closed.
L 03/28/2019 - 17:53:15: SourceMod log file session started (file "L20190328.log") (Version "1.8.0.6047")
L 03/28/2019 - 17:53:15: -------- Mapchange to c3m2_swamp --------
L 03/28/2019 - 17:53:57: -------- Mapchange to c3m2_swamp --------
L 03/28/2019 - 17:58:25: Log file closed.
